<!DOCTYPE html>

<html>
  <head>
  <meta charset='utf-8'>
  <title>TestNG reports</title>

    <link type="text/css" href="testng-reports1.css" rel="stylesheet" id="ultra" />
    <link type="text/css" href="testng-reports.css" rel="stylesheet" id="retro" disabled="false"/>
    <script type="text/javascript" src="jquery-3.6.0.min.js"></script>
    <script type="text/javascript" src="testng-reports.js"></script>
    <script type="text/javascript" src="https://www.google.com/jsapi"></script>
    <script type='text/javascript'>
      google.load('visualization', '1', {packages:['table']});
      google.setOnLoadCallback(drawTable);
      var suiteTableInitFunctions = new Array();
      var suiteTableData = new Array();
    </script>
    <!--
      <script type="text/javascript" src="jquery-ui/js/jquery-ui-1.8.16.custom.min.js"></script>
     -->
  </head>

  <body>    <div class="top-banner-root">
      <span class="top-banner-title-font">Test results</span>
      <button id="button" class="button">Switch Retro Theme</button> <!-- button -->
      <br/>
      <span class="top-banner-font-1">1 suite, 14 failed tests</span>
    </div> <!-- top-banner-root -->
    <div class="navigator-root">
      <div class="navigator-suite-header">
        <span>All suites</span>
        <a href="#" title="Collapse/expand all the suites" class="collapse-all-link">
          <img src="collapseall.gif" class="collapse-all-icon">
          </img> <!-- collapse-all-icon -->
        </a> <!-- collapse-all-link -->
      </div> <!-- navigator-suite-header -->
      <div class="suite">
        <div class="rounded-window">
          <div class="suite-header light-rounded-window-top">
            <a href="#" panel-name="suite-Suite" class="navigator-link">
              <span class="suite-name border-failed">Suite</span>
            </a> <!-- navigator-link -->
          </div> <!-- suite-header light-rounded-window-top -->
          <div class="navigator-suite-content">
            <div class="suite-section-title">
              <span>Info</span>
            </div> <!-- suite-section-title -->
            <div class="suite-section-content">
              <ul>
                <li>
                  <a href="#" panel-name="test-xml-Suite" class="navigator-link ">
                    <span>C:\Selenium_WS\SalesforceProjectAutomation\testng.xml</span>
                  </a> <!-- navigator-link  -->
                </li>
                <li>
                  <a href="#" panel-name="testlist-Suite" class="navigator-link ">
                    <span class="test-stats">1 test</span>
                  </a> <!-- navigator-link  -->
                </li>
                <li>
                  <a href="#" panel-name="group-Suite" class="navigator-link ">
                    <span>0 groups</span>
                  </a> <!-- navigator-link  -->
                </li>
                <li>
                  <a href="#" panel-name="times-Suite" class="navigator-link ">
                    <span>Times</span>
                  </a> <!-- navigator-link  -->
                </li>
                <li>
                  <a href="#" panel-name="reporter-Suite" class="navigator-link ">
                    <span>Reporter output</span>
                  </a> <!-- navigator-link  -->
                </li>
                <li>
                  <a href="#" panel-name="ignored-methods-Suite" class="navigator-link ">
                    <span>Ignored methods</span>
                  </a> <!-- navigator-link  -->
                </li>
                <li>
                  <a href="#" panel-name="chronological-Suite" class="navigator-link ">
                    <span>Chronological view</span>
                  </a> <!-- navigator-link  -->
                </li>
              </ul>
            </div> <!-- suite-section-content -->
            <div class="result-section">
              <div class="suite-section-title">
                <span>Results</span>
              </div> <!-- suite-section-title -->
              <div class="suite-section-content">
                <ul>
                  <li>
                    <span class="method-stats">37 methods, 14 failed,   23 passed</span>
                  </li>
                  <li>
                    <span class="method-list-title failed">Failed methods</span>
                    <span class="show-or-hide-methods failed">
                      <a href="#" panel-name="suite-Suite" class="hide-methods failed suite-Suite"> (hide)</a> <!-- hide-methods failed suite-Suite -->
                      <a href="#" panel-name="suite-Suite" class="show-methods failed suite-Suite"> (show)</a> <!-- show-methods failed suite-Suite -->
                    </span>
                    <div class="method-list-content failed suite-Suite">
                      <span>
                        <img src="failed.png" width="3%"/>
                        <a href="#" panel-name="suite-Suite" title="com.automation.tests.scripts.SalesforceProjectCreateAccount" class="method navigator-link" hash-for-method="SalesforceTestCase13">SalesforceTestCase13</a> <!-- method navigator-link -->
                      </span>
                      <br/>
                      <span>
                        <img src="failed.png" width="3%"/>
                        <a href="#" panel-name="suite-Suite" title="com.automation.tests.scripts.SalesforceProjectCreateAccount" class="method navigator-link" hash-for-method="SalesforceTestCase14">SalesforceTestCase14</a> <!-- method navigator-link -->
                      </span>
                      <br/>
                      <span>
                        <img src="failed.png" width="3%"/>
                        <a href="#" panel-name="suite-Suite" title="com.automation.tests.scripts.SalesforceProjectCreateOpty" class="method navigator-link" hash-for-method="SalesforceTestCase15">SalesforceTestCase15</a> <!-- method navigator-link -->
                      </span>
                      <br/>
                      <span>
                        <img src="failed.png" width="3%"/>
                        <a href="#" panel-name="suite-Suite" title="com.automation.tests.scripts.SalesforceProjectLogin" class="method navigator-link" hash-for-method="SalesforceTestCase2">SalesforceTestCase2</a> <!-- method navigator-link -->
                      </span>
                      <br/>
                      <span>
                        <img src="failed.png" width="3%"/>
                        <a href="#" panel-name="suite-Suite" title="com.automation.tests.scripts.SaleforceProjectLeads" class="method navigator-link" hash-for-method="SalesforceTestCase21">SalesforceTestCase21</a> <!-- method navigator-link -->
                      </span>
                      <br/>
                      <span>
                        <img src="failed.png" width="3%"/>
                        <a href="#" panel-name="suite-Suite" title="com.automation.tests.scripts.SaleforceProjectLeads" class="method navigator-link" hash-for-method="SalesforceTestCase22">SalesforceTestCase22</a> <!-- method navigator-link -->
                      </span>
                      <br/>
                      <span>
                        <img src="failed.png" width="3%"/>
                        <a href="#" panel-name="suite-Suite" title="com.automation.tests.scripts.SaleforceProjectLeads" class="method navigator-link" hash-for-method="SalesforceTestCase23">SalesforceTestCase23</a> <!-- method navigator-link -->
                      </span>
                      <br/>
                      <span>
                        <img src="failed.png" width="3%"/>
                        <a href="#" panel-name="suite-Suite" title="com.automation.tests.scripts.SaleforceProjectLeads" class="method navigator-link" hash-for-method="SalesforceTestCase24">SalesforceTestCase24</a> <!-- method navigator-link -->
                      </span>
                      <br/>
                      <span>
                        <img src="failed.png" width="3%"/>
                        <a href="#" panel-name="suite-Suite" title="com.automation.tests.scripts.SalesforceProjectLogin" class="method navigator-link" hash-for-method="SalesforceTestCase3">SalesforceTestCase3</a> <!-- method navigator-link -->
                      </span>
                      <br/>
                      <span>
                        <img src="failed.png" width="3%"/>
                        <a href="#" panel-name="suite-Suite" title="com.automation.tests.scripts.SalesforceProjectRandomScenarios" class="method navigator-link" hash-for-method="SalesforceTestCase35">SalesforceTestCase35</a> <!-- method navigator-link -->
                      </span>
                      <br/>
                      <span>
                        <img src="failed.png" width="3%"/>
                        <a href="#" panel-name="suite-Suite" title="com.automation.tests.scripts.SalesforceProjectRandomScenarios" class="method navigator-link" hash-for-method="SalesforceTestCase36">SalesforceTestCase36</a> <!-- method navigator-link -->
                      </span>
                      <br/>
                      <span>
                        <img src="failed.png" width="3%"/>
                        <a href="#" panel-name="suite-Suite" title="com.automation.tests.scripts.SalesforceProjectUserMenuDropDown" class="method navigator-link" hash-for-method="SalesforceTestCase5">SalesforceTestCase5</a> <!-- method navigator-link -->
                      </span>
                      <br/>
                      <span>
                        <img src="failed.png" width="3%"/>
                        <a href="#" panel-name="suite-Suite" title="com.automation.tests.scripts.SalesforceProjectUserMenuDropDown" class="method navigator-link" hash-for-method="SalesforceTestCase6">SalesforceTestCase6</a> <!-- method navigator-link -->
                      </span>
                      <br/>
                      <span>
                        <img src="failed.png" width="3%"/>
                        <a href="#" panel-name="suite-Suite" title="com.automation.tests.scripts.SalesforceProjectUserMenuDropDown" class="method navigator-link" hash-for-method="SalesforceTestCase7">SalesforceTestCase7</a> <!-- method navigator-link -->
                      </span>
                      <br/>
                    </div> <!-- method-list-content failed suite-Suite -->
                  </li>
                  <li>
                    <span class="method-list-title passed">Passed methods</span>
                    <span class="show-or-hide-methods passed">
                      <a href="#" panel-name="suite-Suite" class="hide-methods passed suite-Suite"> (hide)</a> <!-- hide-methods passed suite-Suite -->
                      <a href="#" panel-name="suite-Suite" class="show-methods passed suite-Suite"> (show)</a> <!-- show-methods passed suite-Suite -->
                    </span>
                    <div class="method-list-content passed suite-Suite">
                      <span>
                        <img src="passed.png" width="3%"/>
                        <a href="#" panel-name="suite-Suite" title="com.automation.tests.scripts.SalesforceProjectLogin" class="method navigator-link" hash-for-method="SalesforceTestCase1">SalesforceTestCase1</a> <!-- method navigator-link -->
                      </span>
                      <br/>
                      <span>
                        <img src="passed.png" width="3%"/>
                        <a href="#" panel-name="suite-Suite" title="com.automation.tests.scripts.SalesforceProjectCreateAccount" class="method navigator-link" hash-for-method="SalesforceTestCase10">SalesforceTestCase10</a> <!-- method navigator-link -->
                      </span>
                      <br/>
                      <span>
                        <img src="passed.png" width="3%"/>
                        <a href="#" panel-name="suite-Suite" title="com.automation.tests.scripts.SalesforceProjectCreateAccount" class="method navigator-link" hash-for-method="SalesforceTestCase11">SalesforceTestCase11</a> <!-- method navigator-link -->
                      </span>
                      <br/>
                      <span>
                        <img src="passed.png" width="3%"/>
                        <a href="#" panel-name="suite-Suite" title="com.automation.tests.scripts.SalesforceProjectCreateAccount" class="method navigator-link" hash-for-method="SalesforceTestCase12">SalesforceTestCase12</a> <!-- method navigator-link -->
                      </span>
                      <br/>
                      <span>
                        <img src="passed.png" width="3%"/>
                        <a href="#" panel-name="suite-Suite" title="com.automation.tests.scripts.SalesforceProjectCreateOpty" class="method navigator-link" hash-for-method="SalesforceTestCase16">SalesforceTestCase16</a> <!-- method navigator-link -->
                      </span>
                      <br/>
                      <span>
                        <img src="passed.png" width="3%"/>
                        <a href="#" panel-name="suite-Suite" title="com.automation.tests.scripts.SalesforceProjectCreateOpty" class="method navigator-link" hash-for-method="SalesforceTestCase17">SalesforceTestCase17</a> <!-- method navigator-link -->
                      </span>
                      <br/>
                      <span>
                        <img src="passed.png" width="3%"/>
                        <a href="#" panel-name="suite-Suite" title="com.automation.tests.scripts.SalesforceProjectCreateOpty" class="method navigator-link" hash-for-method="SalesforceTestCase18">SalesforceTestCase18</a> <!-- method navigator-link -->
                      </span>
                      <br/>
                      <span>
                        <img src="passed.png" width="3%"/>
                        <a href="#" panel-name="suite-Suite" title="com.automation.tests.scripts.SalesforceProjectCreateOpty" class="method navigator-link" hash-for-method="SalesforceTestCase19">SalesforceTestCase19</a> <!-- method navigator-link -->
                      </span>
                      <br/>
                      <span>
                        <img src="passed.png" width="3%"/>
                        <a href="#" panel-name="suite-Suite" title="com.automation.tests.scripts.SaleforceProjectLeads" class="method navigator-link" hash-for-method="SalesforceTestCase20">SalesforceTestCase20</a> <!-- method navigator-link -->
                      </span>
                      <br/>
                      <span>
                        <img src="passed.png" width="3%"/>
                        <a href="#" panel-name="suite-Suite" title="com.automation.tests.scripts.SalesforceProjectContacts" class="method navigator-link" hash-for-method="SalesforceTestCase25">SalesforceTestCase25</a> <!-- method navigator-link -->
                      </span>
                      <br/>
                      <span>
                        <img src="passed.png" width="3%"/>
                        <a href="#" panel-name="suite-Suite" title="com.automation.tests.scripts.SalesforceProjectContacts" class="method navigator-link" hash-for-method="SalesforceTestCase26">SalesforceTestCase26</a> <!-- method navigator-link -->
                      </span>
                      <br/>
                      <span>
                        <img src="passed.png" width="3%"/>
                        <a href="#" panel-name="suite-Suite" title="com.automation.tests.scripts.SalesforceProjectContacts" class="method navigator-link" hash-for-method="SalesforceTestCase27">SalesforceTestCase27</a> <!-- method navigator-link -->
                      </span>
                      <br/>
                      <span>
                        <img src="passed.png" width="3%"/>
                        <a href="#" panel-name="suite-Suite" title="com.automation.tests.scripts.SalesforceProjectContacts" class="method navigator-link" hash-for-method="SalesforceTestCase28">SalesforceTestCase28</a> <!-- method navigator-link -->
                      </span>
                      <br/>
                      <span>
                        <img src="passed.png" width="3%"/>
                        <a href="#" panel-name="suite-Suite" title="com.automation.tests.scripts.SalesforceProjectContacts" class="method navigator-link" hash-for-method="SalesforceTestCase29">SalesforceTestCase29</a> <!-- method navigator-link -->
                      </span>
                      <br/>
                      <span>
                        <img src="passed.png" width="3%"/>
                        <a href="#" panel-name="suite-Suite" title="com.automation.tests.scripts.SalesforceProjectContacts" class="method navigator-link" hash-for-method="SalesforceTestCase30">SalesforceTestCase30</a> <!-- method navigator-link -->
                      </span>
                      <br/>
                      <span>
                        <img src="passed.png" width="3%"/>
                        <a href="#" panel-name="suite-Suite" title="com.automation.tests.scripts.SalesforceProjectContacts" class="method navigator-link" hash-for-method="SalesforceTestCase31">SalesforceTestCase31</a> <!-- method navigator-link -->
                      </span>
                      <br/>
                      <span>
                        <img src="passed.png" width="3%"/>
                        <a href="#" panel-name="suite-Suite" title="com.automation.tests.scripts.SalesforceProjectContacts" class="method navigator-link" hash-for-method="SalesforceTestCase32">SalesforceTestCase32</a> <!-- method navigator-link -->
                      </span>
                      <br/>
                      <span>
                        <img src="passed.png" width="3%"/>
                        <a href="#" panel-name="suite-Suite" title="com.automation.tests.scripts.SalesforceProjectRandomScenarios" class="method navigator-link" hash-for-method="SalesforceTestCase33">SalesforceTestCase33</a> <!-- method navigator-link -->
                      </span>
                      <br/>
                      <span>
                        <img src="passed.png" width="3%"/>
                        <a href="#" panel-name="suite-Suite" title="com.automation.tests.scripts.SalesforceProjectRandomScenarios" class="method navigator-link" hash-for-method="SalesforceTestCase34">SalesforceTestCase34</a> <!-- method navigator-link -->
                      </span>
                      <br/>
                      <span>
                        <img src="passed.png" width="3%"/>
                        <a href="#" panel-name="suite-Suite" title="com.automation.tests.scripts.SalesforceProjectLogin" class="method navigator-link" hash-for-method="SalesforceTestCase4A">SalesforceTestCase4A</a> <!-- method navigator-link -->
                      </span>
                      <br/>
                      <span>
                        <img src="passed.png" width="3%"/>
                        <a href="#" panel-name="suite-Suite" title="com.automation.tests.scripts.SalesforceProjectLogin" class="method navigator-link" hash-for-method="SalesforceTestCase4B">SalesforceTestCase4B</a> <!-- method navigator-link -->
                      </span>
                      <br/>
                      <span>
                        <img src="passed.png" width="3%"/>
                        <a href="#" panel-name="suite-Suite" title="com.automation.tests.scripts.SalesforceProjectUserMenuDropDown" class="method navigator-link" hash-for-method="SalesforceTestCase8">SalesforceTestCase8</a> <!-- method navigator-link -->
                      </span>
                      <br/>
                      <span>
                        <img src="passed.png" width="3%"/>
                        <a href="#" panel-name="suite-Suite" title="com.automation.tests.scripts.SalesforceProjectUserMenuDropDown" class="method navigator-link" hash-for-method="SalesforceTestCase9">SalesforceTestCase9</a> <!-- method navigator-link -->
                      </span>
                      <br/>
                    </div> <!-- method-list-content passed suite-Suite -->
                  </li>
                </ul>
              </div> <!-- suite-section-content -->
            </div> <!-- result-section -->
          </div> <!-- navigator-suite-content -->
        </div> <!-- rounded-window -->
      </div> <!-- suite -->
    </div> <!-- navigator-root -->
    <div class="wrapper">
      <div class="main-panel-root">
        <div panel-name="suite-Suite" class="panel Suite">
          <div class="suite-Suite-class-failed">
            <div class="main-panel-header rounded-window-top">
              <img src="failed.png"/>
              <span class="class-name">com.automation.tests.scripts.SalesforceProjectCreateAccount</span>
            </div> <!-- main-panel-header rounded-window-top -->
            <div class="main-panel-content rounded-window-bottom">
              <div class="method">
                <div class="method-content">
                  <a name="SalesforceTestCase13">
                  </a> <!-- SalesforceTestCase13 -->
                  <span class="method-name">SalesforceTestCase13</span>
                  <div class="stack-trace">org.openqa.selenium.NoSuchElementException: no such element: Unable to locate element: {&quot;method&quot;:&quot;xpath&quot;,&quot;selector&quot;:&quot;//input[@value=&apos; Merge &apos;]&quot;}
  (Session info: chrome=120.0.6099.225)
For documentation on this error, please visit: https://www.selenium.dev/documentation/webdriver/troubleshooting/errors#no-such-element-exception
Build info: version: &apos;4.13.0&apos;, revision: &apos;ba948ece5b*&apos;
System info: os.name: &apos;Windows 11&apos;, os.arch: &apos;amd64&apos;, os.version: &apos;10.0&apos;, java.version: &apos;17.0.2&apos;
Driver info: org.openqa.selenium.chrome.ChromeDriver
Command: [a7551f5f4fabf905577c51211071767b, findElement {using=xpath, value=//input[@value=&apos; Merge &apos;]}]
Capabilities {acceptInsecureCerts: false, browserName: chrome, browserVersion: 120.0.6099.225, chrome: {chromedriverVersion: 120.0.6099.109 (3419140ab66..., userDataDir: C:\Users\sudha\AppData\Loca...}, fedcm:accounts: true, goog:chromeOptions: {debuggerAddress: localhost:62188}, networkConnectionEnabled: false, pageLoadStrategy: normal, platformName: windows, proxy: Proxy(), se:cdp: ws://localhost:62188/devtoo..., se:cdpVersion: 120.0.6099.225, setWindowRect: true, strictFileInteractability: false, timeouts: {implicit: 0, pageLoad: 300000, script: 30000}, unhandledPromptBehavior: dismiss and notify, webauthn:extension:credBlob: true, webauthn:extension:largeBlob: true, webauthn:extension:minPinLength: true, webauthn:extension:prf: true, webauthn:virtualAuthenticators: true}
Session ID: a7551f5f4fabf905577c51211071767b
	at org.openqa.selenium.remote.codec.w3c.W3CHttpResponseCodec.createException(W3CHttpResponseCodec.java:200)
	at org.openqa.selenium.remote.codec.w3c.W3CHttpResponseCodec.decode(W3CHttpResponseCodec.java:133)
	at org.openqa.selenium.remote.codec.w3c.W3CHttpResponseCodec.decode(W3CHttpResponseCodec.java:52)
	at org.openqa.selenium.remote.HttpCommandExecutor.execute(HttpCommandExecutor.java:191)
	at org.openqa.selenium.remote.service.DriverCommandExecutor.invokeExecute(DriverCommandExecutor.java:196)
	at org.openqa.selenium.remote.service.DriverCommandExecutor.execute(DriverCommandExecutor.java:171)
	at org.openqa.selenium.remote.RemoteWebDriver.execute(RemoteWebDriver.java:602)
	at org.openqa.selenium.remote.ElementLocation$ElementFinder$2.findElement(ElementLocation.java:165)
	at org.openqa.selenium.remote.ElementLocation.findElement(ElementLocation.java:59)
	at org.openqa.selenium.remote.RemoteWebDriver.findElement(RemoteWebDriver.java:359)
	at org.openqa.selenium.remote.RemoteWebDriver.findElement(RemoteWebDriver.java:353)
	at com.automation.tests.scripts.SalesforceProjectCreateAccount.SalesforceTestCase13(SalesforceProjectCreateAccount.java:137)
	at java.base/java.util.ArrayList.forEach(ArrayList.java:1511)
... Removed 36 stack frames
</div> <!-- stack-trace -->
                </div> <!-- method-content -->
              </div> <!-- method -->
              <div class="method">
                <div class="method-content">
                  <a name="SalesforceTestCase14">
                  </a> <!-- SalesforceTestCase14 -->
                  <span class="method-name">SalesforceTestCase14</span>
                  <div class="stack-trace">org.openqa.selenium.NoAlertPresentException: no such alert
  (Session info: chrome=120.0.6099.225)
Build info: version: &apos;4.13.0&apos;, revision: &apos;ba948ece5b*&apos;
System info: os.name: &apos;Windows 11&apos;, os.arch: &apos;amd64&apos;, os.version: &apos;10.0&apos;, java.version: &apos;17.0.2&apos;
Driver info: org.openqa.selenium.chrome.ChromeDriver
Command: [c6a9127ff514930eeb4ee97d41fd31f5, getAlertText {}]
Capabilities {acceptInsecureCerts: false, browserName: chrome, browserVersion: 120.0.6099.225, chrome: {chromedriverVersion: 120.0.6099.109 (3419140ab66..., userDataDir: C:\Users\sudha\AppData\Loca...}, fedcm:accounts: true, goog:chromeOptions: {debuggerAddress: localhost:62252}, networkConnectionEnabled: false, pageLoadStrategy: normal, platformName: windows, proxy: Proxy(), se:cdp: ws://localhost:62252/devtoo..., se:cdpVersion: 120.0.6099.225, setWindowRect: true, strictFileInteractability: false, timeouts: {implicit: 0, pageLoad: 300000, script: 30000}, unhandledPromptBehavior: dismiss and notify, webauthn:extension:credBlob: true, webauthn:extension:largeBlob: true, webauthn:extension:minPinLength: true, webauthn:extension:prf: true, webauthn:virtualAuthenticators: true}
Session ID: c6a9127ff514930eeb4ee97d41fd31f5
	at org.openqa.selenium.remote.codec.w3c.W3CHttpResponseCodec.createException(W3CHttpResponseCodec.java:200)
	at org.openqa.selenium.remote.codec.w3c.W3CHttpResponseCodec.decode(W3CHttpResponseCodec.java:133)
	at org.openqa.selenium.remote.codec.w3c.W3CHttpResponseCodec.decode(W3CHttpResponseCodec.java:52)
	at org.openqa.selenium.remote.HttpCommandExecutor.execute(HttpCommandExecutor.java:191)
	at org.openqa.selenium.remote.service.DriverCommandExecutor.invokeExecute(DriverCommandExecutor.java:196)
	at org.openqa.selenium.remote.service.DriverCommandExecutor.execute(DriverCommandExecutor.java:171)
	at org.openqa.selenium.remote.RemoteWebDriver.execute(RemoteWebDriver.java:602)
	at org.openqa.selenium.remote.RemoteWebDriver.execute(RemoteWebDriver.java:675)
	at org.openqa.selenium.remote.RemoteWebDriver.execute(RemoteWebDriver.java:679)
	at org.openqa.selenium.remote.RemoteWebDriver$RemoteTargetLocator.alert(RemoteWebDriver.java:1192)
	at com.automation.tests.base.BaseTest.SwitchToAlertEnterText(BaseTest.java:277)
	at com.automation.tests.scripts.SalesforceProjectCreateAccount.SalesforceTestCase14(SalesforceProjectCreateAccount.java:179)
	at java.base/java.util.ArrayList.forEach(ArrayList.java:1511)
... Removed 36 stack frames
</div> <!-- stack-trace -->
                </div> <!-- method-content -->
              </div> <!-- method -->
            </div> <!-- main-panel-content rounded-window-bottom -->
          </div> <!-- suite-Suite-class-failed -->
          <div class="suite-Suite-class-failed">
            <div class="main-panel-header rounded-window-top">
              <img src="failed.png"/>
              <span class="class-name">com.automation.tests.scripts.SalesforceProjectLogin</span>
            </div> <!-- main-panel-header rounded-window-top -->
            <div class="main-panel-content rounded-window-bottom">
              <div class="method">
                <div class="method-content">
                  <a name="SalesforceTestCase2">
                  </a> <!-- SalesforceTestCase2 -->
                  <span class="method-name">SalesforceTestCase2</span>
                  <div class="stack-trace">java.lang.AssertionError: Fail:TestCase Failed expected [search] but found []
	at com.automation.tests.scripts.SalesforceProjectLogin.SalesforceTestCase2(SalesforceProjectLogin.java:54)
	at java.base/java.util.ArrayList.forEach(ArrayList.java:1511)
... Removed 36 stack frames
</div> <!-- stack-trace -->
                </div> <!-- method-content -->
              </div> <!-- method -->
              <div class="method">
                <div class="method-content">
                  <a name="SalesforceTestCase3">
                  </a> <!-- SalesforceTestCase3 -->
                  <span class="method-name">SalesforceTestCase3</span>
                  <div class="stack-trace">org.openqa.selenium.NoSuchElementException: no such element: Unable to locate element: {&quot;method&quot;:&quot;xpath&quot;,&quot;selector&quot;:&quot;//span[@id=&apos;idcard-identity&apos;]&quot;}
  (Session info: chrome=120.0.6099.225)
For documentation on this error, please visit: https://www.selenium.dev/documentation/webdriver/troubleshooting/errors#no-such-element-exception
Build info: version: &apos;4.13.0&apos;, revision: &apos;ba948ece5b*&apos;
System info: os.name: &apos;Windows 11&apos;, os.arch: &apos;amd64&apos;, os.version: &apos;10.0&apos;, java.version: &apos;17.0.2&apos;
Driver info: org.openqa.selenium.chrome.ChromeDriver
Command: [d1804c6471668fb7b78c5b3574130c70, findElement {using=xpath, value=//span[@id=&apos;idcard-identity&apos;]}]
Capabilities {acceptInsecureCerts: false, browserName: chrome, browserVersion: 120.0.6099.225, chrome: {chromedriverVersion: 120.0.6099.109 (3419140ab66..., userDataDir: C:\Users\sudha\AppData\Loca...}, fedcm:accounts: true, goog:chromeOptions: {debuggerAddress: localhost:61811}, networkConnectionEnabled: false, pageLoadStrategy: normal, platformName: windows, proxy: Proxy(), se:cdp: ws://localhost:61811/devtoo..., se:cdpVersion: 120.0.6099.225, setWindowRect: true, strictFileInteractability: false, timeouts: {implicit: 0, pageLoad: 300000, script: 30000}, unhandledPromptBehavior: dismiss and notify, webauthn:extension:credBlob: true, webauthn:extension:largeBlob: true, webauthn:extension:minPinLength: true, webauthn:extension:prf: true, webauthn:virtualAuthenticators: true}
Session ID: d1804c6471668fb7b78c5b3574130c70
	at org.openqa.selenium.remote.codec.w3c.W3CHttpResponseCodec.createException(W3CHttpResponseCodec.java:200)
	at org.openqa.selenium.remote.codec.w3c.W3CHttpResponseCodec.decode(W3CHttpResponseCodec.java:133)
	at org.openqa.selenium.remote.codec.w3c.W3CHttpResponseCodec.decode(W3CHttpResponseCodec.java:52)
	at org.openqa.selenium.remote.HttpCommandExecutor.execute(HttpCommandExecutor.java:191)
	at org.openqa.selenium.remote.service.DriverCommandExecutor.invokeExecute(DriverCommandExecutor.java:196)
	at org.openqa.selenium.remote.service.DriverCommandExecutor.execute(DriverCommandExecutor.java:171)
	at org.openqa.selenium.remote.RemoteWebDriver.execute(RemoteWebDriver.java:602)
	at org.openqa.selenium.remote.ElementLocation$ElementFinder$2.findElement(ElementLocation.java:165)
	at org.openqa.selenium.remote.ElementLocation.findElement(ElementLocation.java:59)
	at org.openqa.selenium.remote.RemoteWebDriver.findElement(RemoteWebDriver.java:359)
	at org.openqa.selenium.remote.RemoteWebDriver.findElement(RemoteWebDriver.java:353)
	at com.automation.tests.scripts.SalesforceProjectLogin.SalesforceTestCase3(SalesforceProjectLogin.java:79)
	at java.base/java.util.ArrayList.forEach(ArrayList.java:1511)
... Removed 36 stack frames
</div> <!-- stack-trace -->
                </div> <!-- method-content -->
              </div> <!-- method -->
            </div> <!-- main-panel-content rounded-window-bottom -->
          </div> <!-- suite-Suite-class-failed -->
          <div class="suite-Suite-class-failed">
            <div class="main-panel-header rounded-window-top">
              <img src="failed.png"/>
              <span class="class-name">com.automation.tests.scripts.SalesforceProjectUserMenuDropDown</span>
            </div> <!-- main-panel-header rounded-window-top -->
            <div class="main-panel-content rounded-window-bottom">
              <div class="method">
                <div class="method-content">
                  <a name="SalesforceTestCase5">
                  </a> <!-- SalesforceTestCase5 -->
                  <span class="method-name">SalesforceTestCase5</span>
                  <div class="stack-trace">org.openqa.selenium.NoSuchElementException: no such element: Unable to locate element: {&quot;method&quot;:&quot;css selector&quot;,&quot;selector&quot;:&quot;*[name=&apos;username&apos;]&quot;}
  (Session info: chrome=120.0.6099.225)
For documentation on this error, please visit: https://www.selenium.dev/documentation/webdriver/troubleshooting/errors#no-such-element-exception
Build info: version: &apos;4.13.0&apos;, revision: &apos;ba948ece5b*&apos;
System info: os.name: &apos;Windows 11&apos;, os.arch: &apos;amd64&apos;, os.version: &apos;10.0&apos;, java.version: &apos;17.0.2&apos;
Driver info: org.openqa.selenium.chrome.ChromeDriver
Command: [a7a70460b3e2b9a45642a6b907dde108, findElement {using=name, value=username}]
Capabilities {acceptInsecureCerts: false, browserName: chrome, browserVersion: 120.0.6099.225, chrome: {chromedriverVersion: 120.0.6099.109 (3419140ab66..., userDataDir: C:\Users\sudha\AppData\Loca...}, fedcm:accounts: true, goog:chromeOptions: {debuggerAddress: localhost:60086}, networkConnectionEnabled: false, pageLoadStrategy: normal, platformName: windows, proxy: Proxy(), se:cdp: ws://localhost:60086/devtoo..., se:cdpVersion: 120.0.6099.225, setWindowRect: true, strictFileInteractability: false, timeouts: {implicit: 0, pageLoad: 300000, script: 30000}, unhandledPromptBehavior: dismiss and notify, webauthn:extension:credBlob: true, webauthn:extension:largeBlob: true, webauthn:extension:minPinLength: true, webauthn:extension:prf: true, webauthn:virtualAuthenticators: true}
Session ID: a7a70460b3e2b9a45642a6b907dde108
	at org.openqa.selenium.remote.codec.w3c.W3CHttpResponseCodec.createException(W3CHttpResponseCodec.java:200)
	at org.openqa.selenium.remote.codec.w3c.W3CHttpResponseCodec.decode(W3CHttpResponseCodec.java:133)
	at org.openqa.selenium.remote.codec.w3c.W3CHttpResponseCodec.decode(W3CHttpResponseCodec.java:52)
	at org.openqa.selenium.remote.HttpCommandExecutor.execute(HttpCommandExecutor.java:191)
	at org.openqa.selenium.remote.service.DriverCommandExecutor.invokeExecute(DriverCommandExecutor.java:196)
	at org.openqa.selenium.remote.service.DriverCommandExecutor.execute(DriverCommandExecutor.java:171)
	at org.openqa.selenium.remote.RemoteWebDriver.execute(RemoteWebDriver.java:602)
	at org.openqa.selenium.remote.ElementLocation$ElementFinder$2.findElement(ElementLocation.java:165)
	at org.openqa.selenium.remote.ElementLocation.findElement(ElementLocation.java:66)
	at org.openqa.selenium.remote.RemoteWebDriver.findElement(RemoteWebDriver.java:359)
	at org.openqa.selenium.remote.RemoteWebDriver.findElement(RemoteWebDriver.java:353)
	at com.automation.tests.scripts.SalesforceProjectUserMenuDropDown.SalesforceTestCase5(SalesforceProjectUserMenuDropDown.java:40)
	at java.base/java.util.ArrayList.forEach(ArrayList.java:1511)
... Removed 36 stack frames
</div> <!-- stack-trace -->
                </div> <!-- method-content -->
              </div> <!-- method -->
              <div class="method">
                <div class="method-content">
                  <a name="SalesforceTestCase6">
                  </a> <!-- SalesforceTestCase6 -->
                  <span class="method-name">SalesforceTestCase6</span>
                  <div class="stack-trace">org.openqa.selenium.NoSuchElementException: no such element: Unable to locate element: {&quot;method&quot;:&quot;xpath&quot;,&quot;selector&quot;:&quot;//div[@id=&apos;0D5Hs0000BZMsX9&apos;]/div/div/div/div/span/span/a[contains(@id,&apos;hoverItem&apos;)]&quot;}
  (Session info: chrome=120.0.6099.225)
For documentation on this error, please visit: https://www.selenium.dev/documentation/webdriver/troubleshooting/errors#no-such-element-exception
Build info: version: &apos;4.13.0&apos;, revision: &apos;ba948ece5b*&apos;
System info: os.name: &apos;Windows 11&apos;, os.arch: &apos;amd64&apos;, os.version: &apos;10.0&apos;, java.version: &apos;17.0.2&apos;
Driver info: org.openqa.selenium.chrome.ChromeDriver
Command: [83d4b35abfe3d85f2bb120001a1ab98e, findElement {using=xpath, value=//div[@id=&apos;0D5Hs0000BZMsX9&apos;]/div/div/div/div/span/span/a[contains(@id,&apos;hoverItem&apos;)]}]
Capabilities {acceptInsecureCerts: false, browserName: chrome, browserVersion: 120.0.6099.225, chrome: {chromedriverVersion: 120.0.6099.109 (3419140ab66..., userDataDir: C:\Users\sudha\AppData\Loca...}, fedcm:accounts: true, goog:chromeOptions: {debuggerAddress: localhost:60103}, networkConnectionEnabled: false, pageLoadStrategy: normal, platformName: windows, proxy: Proxy(), se:cdp: ws://localhost:60103/devtoo..., se:cdpVersion: 120.0.6099.225, setWindowRect: true, strictFileInteractability: false, timeouts: {implicit: 0, pageLoad: 300000, script: 30000}, unhandledPromptBehavior: dismiss and notify, webauthn:extension:credBlob: true, webauthn:extension:largeBlob: true, webauthn:extension:minPinLength: true, webauthn:extension:prf: true, webauthn:virtualAuthenticators: true}
Session ID: 83d4b35abfe3d85f2bb120001a1ab98e
	at org.openqa.selenium.remote.codec.w3c.W3CHttpResponseCodec.createException(W3CHttpResponseCodec.java:200)
	at org.openqa.selenium.remote.codec.w3c.W3CHttpResponseCodec.decode(W3CHttpResponseCodec.java:133)
	at org.openqa.selenium.remote.codec.w3c.W3CHttpResponseCodec.decode(W3CHttpResponseCodec.java:52)
	at org.openqa.selenium.remote.HttpCommandExecutor.execute(HttpCommandExecutor.java:191)
	at org.openqa.selenium.remote.service.DriverCommandExecutor.invokeExecute(DriverCommandExecutor.java:196)
	at org.openqa.selenium.remote.service.DriverCommandExecutor.execute(DriverCommandExecutor.java:171)
	at org.openqa.selenium.remote.RemoteWebDriver.execute(RemoteWebDriver.java:602)
	at org.openqa.selenium.remote.ElementLocation$ElementFinder$2.findElement(ElementLocation.java:165)
	at org.openqa.selenium.remote.ElementLocation.findElement(ElementLocation.java:59)
	at org.openqa.selenium.remote.RemoteWebDriver.findElement(RemoteWebDriver.java:359)
	at org.openqa.selenium.remote.RemoteWebDriver.findElement(RemoteWebDriver.java:353)
	at com.automation.tests.scripts.SalesforceProjectUserMenuDropDown.SalesforceTestCase6(SalesforceProjectUserMenuDropDown.java:97)
	at java.base/java.util.ArrayList.forEach(ArrayList.java:1511)
... Removed 36 stack frames
</div> <!-- stack-trace -->
                </div> <!-- method-content -->
              </div> <!-- method -->
              <div class="method">
                <div class="method-content">
                  <a name="SalesforceTestCase7">
                  </a> <!-- SalesforceTestCase7 -->
                  <span class="method-name">SalesforceTestCase7</span>
                  <div class="stack-trace">org.openqa.selenium.StaleElementReferenceException: stale element reference: stale element not found
  (Session info: chrome=120.0.6099.225)
For documentation on this error, please visit: https://www.selenium.dev/documentation/webdriver/troubleshooting/errors#stale-element-reference-exception
Build info: version: &apos;4.13.0&apos;, revision: &apos;ba948ece5b*&apos;
System info: os.name: &apos;Windows 11&apos;, os.arch: &apos;amd64&apos;, os.version: &apos;10.0&apos;, java.version: &apos;17.0.2&apos;
Driver info: org.openqa.selenium.chrome.ChromeDriver
Command: [ff438e5f21b3cea425d69ba72af77c8b, findChildElements {id=0BD1AB13CD3C1DAD9B4FA3DB00406BF4_element_126, using=tag name, value=option}]
Capabilities {acceptInsecureCerts: false, browserName: chrome, browserVersion: 120.0.6099.225, chrome: {chromedriverVersion: 120.0.6099.109 (3419140ab66..., userDataDir: C:\Users\sudha\AppData\Loca...}, fedcm:accounts: true, goog:chromeOptions: {debuggerAddress: localhost:60159}, networkConnectionEnabled: false, pageLoadStrategy: normal, platformName: windows, proxy: Proxy(), se:cdp: ws://localhost:60159/devtoo..., se:cdpVersion: 120.0.6099.225, setWindowRect: true, strictFileInteractability: false, timeouts: {implicit: 0, pageLoad: 300000, script: 30000}, unhandledPromptBehavior: dismiss and notify, webauthn:extension:credBlob: true, webauthn:extension:largeBlob: true, webauthn:extension:minPinLength: true, webauthn:extension:prf: true, webauthn:virtualAuthenticators: true}
Session ID: ff438e5f21b3cea425d69ba72af77c8b
	at org.openqa.selenium.remote.codec.w3c.W3CHttpResponseCodec.createException(W3CHttpResponseCodec.java:200)
	at org.openqa.selenium.remote.codec.w3c.W3CHttpResponseCodec.decode(W3CHttpResponseCodec.java:133)
	at org.openqa.selenium.remote.codec.w3c.W3CHttpResponseCodec.decode(W3CHttpResponseCodec.java:52)
	at org.openqa.selenium.remote.HttpCommandExecutor.execute(HttpCommandExecutor.java:191)
	at org.openqa.selenium.remote.service.DriverCommandExecutor.invokeExecute(DriverCommandExecutor.java:196)
	at org.openqa.selenium.remote.service.DriverCommandExecutor.execute(DriverCommandExecutor.java:171)
	at org.openqa.selenium.remote.RemoteWebDriver.execute(RemoteWebDriver.java:602)
	at org.openqa.selenium.remote.ElementLocation$ElementFinder$2.findElements(ElementLocation.java:182)
	at org.openqa.selenium.remote.ElementLocation.findElements(ElementLocation.java:103)
	at org.openqa.selenium.remote.RemoteWebDriver.findElements(RemoteWebDriver.java:372)
	at org.openqa.selenium.remote.RemoteWebElement.findElements(RemoteWebElement.java:204)
	at org.openqa.selenium.support.ui.Select.getOptions(Select.java:76)
	at org.openqa.selenium.support.ui.Select.getFirstSelectedOption(Select.java:94)
	at com.automation.tests.base.BaseTest.selectFromDropdownByVisibleText(BaseTest.java:237)
	at com.automation.tests.scripts.SalesforceProjectUserMenuDropDown.SalesforceTestCase7(SalesforceProjectUserMenuDropDown.java:162)
	at java.base/java.util.ArrayList.forEach(ArrayList.java:1511)
... Removed 36 stack frames
</div> <!-- stack-trace -->
                </div> <!-- method-content -->
              </div> <!-- method -->
            </div> <!-- main-panel-content rounded-window-bottom -->
          </div> <!-- suite-Suite-class-failed -->
          <div class="suite-Suite-class-failed">
            <div class="main-panel-header rounded-window-top">
              <img src="failed.png"/>
              <span class="class-name">com.automation.tests.scripts.SaleforceProjectLeads</span>
            </div> <!-- main-panel-header rounded-window-top -->
            <div class="main-panel-content rounded-window-bottom">
              <div class="method">
                <div class="method-content">
                  <a name="SalesforceTestCase21">
                  </a> <!-- SalesforceTestCase21 -->
                  <span class="method-name">SalesforceTestCase21</span>
                  <div class="stack-trace">java.lang.AssertionError: lists don&apos;t have the same size expected [6] but found [16]
	at com.automation.tests.scripts.SaleforceProjectLeads.SalesforceTestCase21(SaleforceProjectLeads.java:64)
	at java.base/java.util.ArrayList.forEach(ArrayList.java:1511)
... Removed 39 stack frames
</div> <!-- stack-trace -->
                </div> <!-- method-content -->
              </div> <!-- method -->
              <div class="method">
                <div class="method-content">
                  <a name="SalesforceTestCase22">
                  </a> <!-- SalesforceTestCase22 -->
                  <span class="method-name">SalesforceTestCase22</span>
                  <div class="stack-trace">org.openqa.selenium.StaleElementReferenceException: stale element reference: stale element not found
  (Session info: chrome=120.0.6099.225)
For documentation on this error, please visit: https://www.selenium.dev/documentation/webdriver/troubleshooting/errors#stale-element-reference-exception
Build info: version: &apos;4.13.0&apos;, revision: &apos;ba948ece5b*&apos;
System info: os.name: &apos;Windows 11&apos;, os.arch: &apos;amd64&apos;, os.version: &apos;10.0&apos;, java.version: &apos;17.0.2&apos;
Driver info: org.openqa.selenium.chrome.ChromeDriver
Command: [32acb9133cb530592964b8201ce2bf17, findChildElements {id=7DAB838228045395E8A2C4CF87D1C331_element_64, using=tag name, value=option}]
Capabilities {acceptInsecureCerts: false, browserName: chrome, browserVersion: 120.0.6099.225, chrome: {chromedriverVersion: 120.0.6099.109 (3419140ab66..., userDataDir: C:\Users\sudha\AppData\Loca...}, fedcm:accounts: true, goog:chromeOptions: {debuggerAddress: localhost:60730}, networkConnectionEnabled: false, pageLoadStrategy: normal, platformName: windows, proxy: Proxy(), se:cdp: ws://localhost:60730/devtoo..., se:cdpVersion: 120.0.6099.225, setWindowRect: true, strictFileInteractability: false, timeouts: {implicit: 0, pageLoad: 300000, script: 30000}, unhandledPromptBehavior: dismiss and notify, webauthn:extension:credBlob: true, webauthn:extension:largeBlob: true, webauthn:extension:minPinLength: true, webauthn:extension:prf: true, webauthn:virtualAuthenticators: true}
Session ID: 32acb9133cb530592964b8201ce2bf17
	at org.openqa.selenium.remote.codec.w3c.W3CHttpResponseCodec.createException(W3CHttpResponseCodec.java:200)
	at org.openqa.selenium.remote.codec.w3c.W3CHttpResponseCodec.decode(W3CHttpResponseCodec.java:133)
	at org.openqa.selenium.remote.codec.w3c.W3CHttpResponseCodec.decode(W3CHttpResponseCodec.java:52)
	at org.openqa.selenium.remote.HttpCommandExecutor.execute(HttpCommandExecutor.java:191)
	at org.openqa.selenium.remote.service.DriverCommandExecutor.invokeExecute(DriverCommandExecutor.java:196)
	at org.openqa.selenium.remote.service.DriverCommandExecutor.execute(DriverCommandExecutor.java:171)
	at org.openqa.selenium.remote.RemoteWebDriver.execute(RemoteWebDriver.java:602)
	at org.openqa.selenium.remote.ElementLocation$ElementFinder$2.findElements(ElementLocation.java:182)
	at org.openqa.selenium.remote.ElementLocation.findElements(ElementLocation.java:103)
	at org.openqa.selenium.remote.RemoteWebDriver.findElements(RemoteWebDriver.java:372)
	at org.openqa.selenium.remote.RemoteWebElement.findElements(RemoteWebElement.java:204)
	at org.openqa.selenium.support.ui.Select.getOptions(Select.java:76)
	at org.openqa.selenium.support.ui.Select.getFirstSelectedOption(Select.java:94)
	at com.automation.tests.base.BaseTest.selectFromDropdownByVisibleText(BaseTest.java:237)
	at com.automation.tests.scripts.SaleforceProjectLeads.SalesforceTestCase22(SaleforceProjectLeads.java:89)
	at java.base/java.util.ArrayList.forEach(ArrayList.java:1511)
... Removed 36 stack frames
</div> <!-- stack-trace -->
                </div> <!-- method-content -->
              </div> <!-- method -->
              <div class="method">
                <div class="method-content">
                  <a name="SalesforceTestCase23">
                  </a> <!-- SalesforceTestCase23 -->
                  <span class="method-name">SalesforceTestCase23</span>
                  <div class="stack-trace">org.openqa.selenium.StaleElementReferenceException: stale element reference: stale element not found
  (Session info: chrome=120.0.6099.225)
For documentation on this error, please visit: https://www.selenium.dev/documentation/webdriver/troubleshooting/errors#stale-element-reference-exception
Build info: version: &apos;4.13.0&apos;, revision: &apos;ba948ece5b*&apos;
System info: os.name: &apos;Windows 11&apos;, os.arch: &apos;amd64&apos;, os.version: &apos;10.0&apos;, java.version: &apos;17.0.2&apos;
Driver info: org.openqa.selenium.chrome.ChromeDriver
Command: [0e9d5756725a37614256ec43ec6adbbe, findChildElements {id=D0823665307F950F56BD1EF92719BE2E_element_65, using=tag name, value=option}]
Capabilities {acceptInsecureCerts: false, browserName: chrome, browserVersion: 120.0.6099.225, chrome: {chromedriverVersion: 120.0.6099.109 (3419140ab66..., userDataDir: C:\Users\sudha\AppData\Loca...}, fedcm:accounts: true, goog:chromeOptions: {debuggerAddress: localhost:60792}, networkConnectionEnabled: false, pageLoadStrategy: normal, platformName: windows, proxy: Proxy(), se:cdp: ws://localhost:60792/devtoo..., se:cdpVersion: 120.0.6099.225, setWindowRect: true, strictFileInteractability: false, timeouts: {implicit: 0, pageLoad: 300000, script: 30000}, unhandledPromptBehavior: dismiss and notify, webauthn:extension:credBlob: true, webauthn:extension:largeBlob: true, webauthn:extension:minPinLength: true, webauthn:extension:prf: true, webauthn:virtualAuthenticators: true}
Session ID: 0e9d5756725a37614256ec43ec6adbbe
	at org.openqa.selenium.remote.codec.w3c.W3CHttpResponseCodec.createException(W3CHttpResponseCodec.java:200)
	at org.openqa.selenium.remote.codec.w3c.W3CHttpResponseCodec.decode(W3CHttpResponseCodec.java:133)
	at org.openqa.selenium.remote.codec.w3c.W3CHttpResponseCodec.decode(W3CHttpResponseCodec.java:52)
	at org.openqa.selenium.remote.HttpCommandExecutor.execute(HttpCommandExecutor.java:191)
	at org.openqa.selenium.remote.service.DriverCommandExecutor.invokeExecute(DriverCommandExecutor.java:196)
	at org.openqa.selenium.remote.service.DriverCommandExecutor.execute(DriverCommandExecutor.java:171)
	at org.openqa.selenium.remote.RemoteWebDriver.execute(RemoteWebDriver.java:602)
	at org.openqa.selenium.remote.ElementLocation$ElementFinder$2.findElements(ElementLocation.java:182)
	at org.openqa.selenium.remote.ElementLocation.findElements(ElementLocation.java:103)
	at org.openqa.selenium.remote.RemoteWebDriver.findElements(RemoteWebDriver.java:372)
	at org.openqa.selenium.remote.RemoteWebElement.findElements(RemoteWebElement.java:204)
	at org.openqa.selenium.support.ui.Select.getOptions(Select.java:76)
	at org.openqa.selenium.support.ui.Select.getFirstSelectedOption(Select.java:94)
	at com.automation.tests.base.BaseTest.selectFromDropdownByVisibleText(BaseTest.java:237)
	at com.automation.tests.scripts.SaleforceProjectLeads.SalesforceTestCase23(SaleforceProjectLeads.java:137)
	at java.base/java.util.ArrayList.forEach(ArrayList.java:1511)
... Removed 36 stack frames
</div> <!-- stack-trace -->
                </div> <!-- method-content -->
              </div> <!-- method -->
              <div class="method">
                <div class="method-content">
                  <a name="SalesforceTestCase24">
                  </a> <!-- SalesforceTestCase24 -->
                  <span class="method-name">SalesforceTestCase24</span>
                  <div class="stack-trace">java.lang.AssertionError: expected [ABCD] but found [Abcd]
	at com.automation.tests.scripts.SaleforceProjectLeads.SalesforceTestCase24(SaleforceProjectLeads.java:172)
	at java.base/java.util.ArrayList.forEach(ArrayList.java:1511)
... Removed 37 stack frames
</div> <!-- stack-trace -->
                </div> <!-- method-content -->
              </div> <!-- method -->
            </div> <!-- main-panel-content rounded-window-bottom -->
          </div> <!-- suite-Suite-class-failed -->
          <div class="suite-Suite-class-failed">
            <div class="main-panel-header rounded-window-top">
              <img src="failed.png"/>
              <span class="class-name">com.automation.tests.scripts.SalesforceProjectRandomScenarios</span>
            </div> <!-- main-panel-header rounded-window-top -->
            <div class="main-panel-content rounded-window-bottom">
              <div class="method">
                <div class="method-content">
                  <a name="SalesforceTestCase35">
                  </a> <!-- SalesforceTestCase35 -->
                  <span class="method-name">SalesforceTestCase35</span>
                  <div class="stack-trace">org.openqa.selenium.NoSuchElementException: Cannot locate option with text: Chatter
For documentation on this error, please visit: https://www.selenium.dev/documentation/webdriver/troubleshooting/errors#no-such-element-exception
Build info: version: &apos;4.13.0&apos;, revision: &apos;ba948ece5b*&apos;
System info: os.name: &apos;Windows 11&apos;, os.arch: &apos;amd64&apos;, os.version: &apos;10.0&apos;, java.version: &apos;17.0.2&apos;
Driver info: driver.version: unknown
	at org.openqa.selenium.support.ui.Select.selectByVisibleText(Select.java:153)
	at com.automation.tests.base.BaseTest.selectFromDropdownByVisibleText(BaseTest.java:236)
	at com.automation.tests.scripts.SalesforceProjectRandomScenarios.SalesforceTestCase35(SalesforceProjectRandomScenarios.java:100)
	at java.base/java.util.ArrayList.forEach(ArrayList.java:1511)
... Removed 31 stack frames
</div> <!-- stack-trace -->
                </div> <!-- method-content -->
              </div> <!-- method -->
              <div class="method">
                <div class="method-content">
                  <a name="SalesforceTestCase36">
                  </a> <!-- SalesforceTestCase36 -->
                  <span class="method-name">SalesforceTestCase36</span>
                  <div class="stack-trace">org.openqa.selenium.NoSuchElementException: no such element: Unable to locate element: {&quot;method&quot;:&quot;link text&quot;,&quot;selector&quot;:&quot;Tuesday January 16, 2024&quot;}
  (Session info: chrome=120.0.6099.225)
For documentation on this error, please visit: https://www.selenium.dev/documentation/webdriver/troubleshooting/errors#no-such-element-exception
Build info: version: &apos;4.13.0&apos;, revision: &apos;ba948ece5b*&apos;
System info: os.name: &apos;Windows 11&apos;, os.arch: &apos;amd64&apos;, os.version: &apos;10.0&apos;, java.version: &apos;17.0.2&apos;
Driver info: org.openqa.selenium.chrome.ChromeDriver
Command: [3857c97e406ab447029ec08d5196acda, findElement {using=link text, value=Tuesday January 16, 2024}]
Capabilities {acceptInsecureCerts: false, browserName: chrome, browserVersion: 120.0.6099.225, chrome: {chromedriverVersion: 120.0.6099.109 (3419140ab66..., userDataDir: C:\Users\sudha\AppData\Loca...}, fedcm:accounts: true, goog:chromeOptions: {debuggerAddress: localhost:61647}, networkConnectionEnabled: false, pageLoadStrategy: normal, platformName: windows, proxy: Proxy(), se:cdp: ws://localhost:61647/devtoo..., se:cdpVersion: 120.0.6099.225, setWindowRect: true, strictFileInteractability: false, timeouts: {implicit: 0, pageLoad: 300000, script: 30000}, unhandledPromptBehavior: dismiss and notify, webauthn:extension:credBlob: true, webauthn:extension:largeBlob: true, webauthn:extension:minPinLength: true, webauthn:extension:prf: true, webauthn:virtualAuthenticators: true}
Session ID: 3857c97e406ab447029ec08d5196acda
	at org.openqa.selenium.remote.codec.w3c.W3CHttpResponseCodec.createException(W3CHttpResponseCodec.java:200)
	at org.openqa.selenium.remote.codec.w3c.W3CHttpResponseCodec.decode(W3CHttpResponseCodec.java:133)
	at org.openqa.selenium.remote.codec.w3c.W3CHttpResponseCodec.decode(W3CHttpResponseCodec.java:52)
	at org.openqa.selenium.remote.HttpCommandExecutor.execute(HttpCommandExecutor.java:191)
	at org.openqa.selenium.remote.service.DriverCommandExecutor.invokeExecute(DriverCommandExecutor.java:196)
	at org.openqa.selenium.remote.service.DriverCommandExecutor.execute(DriverCommandExecutor.java:171)
	at org.openqa.selenium.remote.RemoteWebDriver.execute(RemoteWebDriver.java:602)
	at org.openqa.selenium.remote.ElementLocation$ElementFinder$2.findElement(ElementLocation.java:165)
	at org.openqa.selenium.remote.ElementLocation.findElement(ElementLocation.java:59)
	at org.openqa.selenium.remote.RemoteWebDriver.findElement(RemoteWebDriver.java:359)
	at org.openqa.selenium.remote.RemoteWebDriver.findElement(RemoteWebDriver.java:353)
	at com.automation.tests.scripts.SalesforceProjectRandomScenarios.SalesforceTestCase36(SalesforceProjectRandomScenarios.java:132)
	at java.base/java.util.ArrayList.forEach(ArrayList.java:1511)
... Removed 36 stack frames
</div> <!-- stack-trace -->
                </div> <!-- method-content -->
              </div> <!-- method -->
            </div> <!-- main-panel-content rounded-window-bottom -->
          </div> <!-- suite-Suite-class-failed -->
          <div class="suite-Suite-class-failed">
            <div class="main-panel-header rounded-window-top">
              <img src="failed.png"/>
              <span class="class-name">com.automation.tests.scripts.SalesforceProjectCreateOpty</span>
            </div> <!-- main-panel-header rounded-window-top -->
            <div class="main-panel-content rounded-window-bottom">
              <div class="method">
                <div class="method-content">
                  <a name="SalesforceTestCase15">
                  </a> <!-- SalesforceTestCase15 -->
                  <span class="method-name">SalesforceTestCase15</span>
                  <div class="stack-trace">java.lang.AssertionError: Lists differ at element [0]: All Opportunities != [[[[ChromeDriver: chrome on windows (8538ba0ede673dea0b1a1e82bd30d4aa)] -&gt; id: fcf]] -&gt; tag name: option] expected [All Opportunities] but found [[[[[ChromeDriver: chrome on windows (8538ba0ede673dea0b1a1e82bd30d4aa)] -&gt; id: fcf]] -&gt; tag name: option]]
	at com.automation.tests.scripts.SalesforceProjectCreateOpty.SalesforceTestCase15(SalesforceProjectCreateOpty.java:50)
	at java.base/java.util.ArrayList.forEach(ArrayList.java:1511)
... Removed 36 stack frames
</div> <!-- stack-trace -->
                </div> <!-- method-content -->
              </div> <!-- method -->
            </div> <!-- main-panel-content rounded-window-bottom -->
          </div> <!-- suite-Suite-class-failed -->
          <div class="suite-Suite-class-passed">
            <div class="main-panel-header rounded-window-top">
              <img src="passed.png"/>
              <span class="class-name">com.automation.tests.scripts.SalesforceProjectCreateAccount</span>
            </div> <!-- main-panel-header rounded-window-top -->
            <div class="main-panel-content rounded-window-bottom">
              <div class="method">
                <div class="method-content">
                  <a name="SalesforceTestCase10">
                  </a> <!-- SalesforceTestCase10 -->
                  <span class="method-name">SalesforceTestCase10</span>
                </div> <!-- method-content -->
              </div> <!-- method -->
              <div class="method">
                <div class="method-content">
                  <a name="SalesforceTestCase11">
                  </a> <!-- SalesforceTestCase11 -->
                  <span class="method-name">SalesforceTestCase11</span>
                </div> <!-- method-content -->
              </div> <!-- method -->
              <div class="method">
                <div class="method-content">
                  <a name="SalesforceTestCase12">
                  </a> <!-- SalesforceTestCase12 -->
                  <span class="method-name">SalesforceTestCase12</span>
                </div> <!-- method-content -->
              </div> <!-- method -->
            </div> <!-- main-panel-content rounded-window-bottom -->
          </div> <!-- suite-Suite-class-passed -->
          <div class="suite-Suite-class-passed">
            <div class="main-panel-header rounded-window-top">
              <img src="passed.png"/>
              <span class="class-name">com.automation.tests.scripts.SalesforceProjectLogin</span>
            </div> <!-- main-panel-header rounded-window-top -->
            <div class="main-panel-content rounded-window-bottom">
              <div class="method">
                <div class="method-content">
                  <a name="SalesforceTestCase1">
                  </a> <!-- SalesforceTestCase1 -->
                  <span class="method-name">SalesforceTestCase1</span>
                </div> <!-- method-content -->
              </div> <!-- method -->
              <div class="method">
                <div class="method-content">
                  <a name="SalesforceTestCase4A">
                  </a> <!-- SalesforceTestCase4A -->
                  <span class="method-name">SalesforceTestCase4A</span>
                </div> <!-- method-content -->
              </div> <!-- method -->
              <div class="method">
                <div class="method-content">
                  <a name="SalesforceTestCase4B">
                  </a> <!-- SalesforceTestCase4B -->
                  <span class="method-name">SalesforceTestCase4B</span>
                </div> <!-- method-content -->
              </div> <!-- method -->
            </div> <!-- main-panel-content rounded-window-bottom -->
          </div> <!-- suite-Suite-class-passed -->
          <div class="suite-Suite-class-passed">
            <div class="main-panel-header rounded-window-top">
              <img src="passed.png"/>
              <span class="class-name">com.automation.tests.scripts.SalesforceProjectUserMenuDropDown</span>
            </div> <!-- main-panel-header rounded-window-top -->
            <div class="main-panel-content rounded-window-bottom">
              <div class="method">
                <div class="method-content">
                  <a name="SalesforceTestCase8">
                  </a> <!-- SalesforceTestCase8 -->
                  <span class="method-name">SalesforceTestCase8</span>
                </div> <!-- method-content -->
              </div> <!-- method -->
              <div class="method">
                <div class="method-content">
                  <a name="SalesforceTestCase9">
                  </a> <!-- SalesforceTestCase9 -->
                  <span class="method-name">SalesforceTestCase9</span>
                </div> <!-- method-content -->
              </div> <!-- method -->
            </div> <!-- main-panel-content rounded-window-bottom -->
          </div> <!-- suite-Suite-class-passed -->
          <div class="suite-Suite-class-passed">
            <div class="main-panel-header rounded-window-top">
              <img src="passed.png"/>
              <span class="class-name">com.automation.tests.scripts.SalesforceProjectRandomScenarios</span>
            </div> <!-- main-panel-header rounded-window-top -->
            <div class="main-panel-content rounded-window-bottom">
              <div class="method">
                <div class="method-content">
                  <a name="SalesforceTestCase33">
                  </a> <!-- SalesforceTestCase33 -->
                  <span class="method-name">SalesforceTestCase33</span>
                </div> <!-- method-content -->
              </div> <!-- method -->
              <div class="method">
                <div class="method-content">
                  <a name="SalesforceTestCase34">
                  </a> <!-- SalesforceTestCase34 -->
                  <span class="method-name">SalesforceTestCase34</span>
                </div> <!-- method-content -->
              </div> <!-- method -->
            </div> <!-- main-panel-content rounded-window-bottom -->
          </div> <!-- suite-Suite-class-passed -->
          <div class="suite-Suite-class-passed">
            <div class="main-panel-header rounded-window-top">
              <img src="passed.png"/>
              <span class="class-name">com.automation.tests.scripts.SaleforceProjectLeads</span>
            </div> <!-- main-panel-header rounded-window-top -->
            <div class="main-panel-content rounded-window-bottom">
              <div class="method">
                <div class="method-content">
                  <a name="SalesforceTestCase20">
                  </a> <!-- SalesforceTestCase20 -->
                  <span class="method-name">SalesforceTestCase20</span>
                </div> <!-- method-content -->
              </div> <!-- method -->
            </div> <!-- main-panel-content rounded-window-bottom -->
          </div> <!-- suite-Suite-class-passed -->
          <div class="suite-Suite-class-passed">
            <div class="main-panel-header rounded-window-top">
              <img src="passed.png"/>
              <span class="class-name">com.automation.tests.scripts.SalesforceProjectContacts</span>
            </div> <!-- main-panel-header rounded-window-top -->
            <div class="main-panel-content rounded-window-bottom">
              <div class="method">
                <div class="method-content">
                  <a name="SalesforceTestCase25">
                  </a> <!-- SalesforceTestCase25 -->
                  <span class="method-name">SalesforceTestCase25</span>
                </div> <!-- method-content -->
              </div> <!-- method -->
              <div class="method">
                <div class="method-content">
                  <a name="SalesforceTestCase26">
                  </a> <!-- SalesforceTestCase26 -->
                  <span class="method-name">SalesforceTestCase26</span>
                </div> <!-- method-content -->
              </div> <!-- method -->
              <div class="method">
                <div class="method-content">
                  <a name="SalesforceTestCase27">
                  </a> <!-- SalesforceTestCase27 -->
                  <span class="method-name">SalesforceTestCase27</span>
                </div> <!-- method-content -->
              </div> <!-- method -->
              <div class="method">
                <div class="method-content">
                  <a name="SalesforceTestCase28">
                  </a> <!-- SalesforceTestCase28 -->
                  <span class="method-name">SalesforceTestCase28</span>
                </div> <!-- method-content -->
              </div> <!-- method -->
              <div class="method">
                <div class="method-content">
                  <a name="SalesforceTestCase29">
                  </a> <!-- SalesforceTestCase29 -->
                  <span class="method-name">SalesforceTestCase29</span>
                </div> <!-- method-content -->
              </div> <!-- method -->
              <div class="method">
                <div class="method-content">
                  <a name="SalesforceTestCase30">
                  </a> <!-- SalesforceTestCase30 -->
                  <span class="method-name">SalesforceTestCase30</span>
                </div> <!-- method-content -->
              </div> <!-- method -->
              <div class="method">
                <div class="method-content">
                  <a name="SalesforceTestCase31">
                  </a> <!-- SalesforceTestCase31 -->
                  <span class="method-name">SalesforceTestCase31</span>
                </div> <!-- method-content -->
              </div> <!-- method -->
              <div class="method">
                <div class="method-content">
                  <a name="SalesforceTestCase32">
                  </a> <!-- SalesforceTestCase32 -->
                  <span class="method-name">SalesforceTestCase32</span>
                </div> <!-- method-content -->
              </div> <!-- method -->
            </div> <!-- main-panel-content rounded-window-bottom -->
          </div> <!-- suite-Suite-class-passed -->
          <div class="suite-Suite-class-passed">
            <div class="main-panel-header rounded-window-top">
              <img src="passed.png"/>
              <span class="class-name">com.automation.tests.scripts.SalesforceProjectCreateOpty</span>
            </div> <!-- main-panel-header rounded-window-top -->
            <div class="main-panel-content rounded-window-bottom">
              <div class="method">
                <div class="method-content">
                  <a name="SalesforceTestCase16">
                  </a> <!-- SalesforceTestCase16 -->
                  <span class="method-name">SalesforceTestCase16</span>
                </div> <!-- method-content -->
              </div> <!-- method -->
              <div class="method">
                <div class="method-content">
                  <a name="SalesforceTestCase17">
                  </a> <!-- SalesforceTestCase17 -->
                  <span class="method-name">SalesforceTestCase17</span>
                </div> <!-- method-content -->
              </div> <!-- method -->
              <div class="method">
                <div class="method-content">
                  <a name="SalesforceTestCase18">
                  </a> <!-- SalesforceTestCase18 -->
                  <span class="method-name">SalesforceTestCase18</span>
                </div> <!-- method-content -->
              </div> <!-- method -->
              <div class="method">
                <div class="method-content">
                  <a name="SalesforceTestCase19">
                  </a> <!-- SalesforceTestCase19 -->
                  <span class="method-name">SalesforceTestCase19</span>
                </div> <!-- method-content -->
              </div> <!-- method -->
            </div> <!-- main-panel-content rounded-window-bottom -->
          </div> <!-- suite-Suite-class-passed -->
        </div> <!-- panel Suite -->
        <div panel-name="test-xml-Suite" class="panel">
          <div class="main-panel-header rounded-window-top">
            <span class="header-content">C:\Selenium_WS\SalesforceProjectAutomation\testng.xml</span>
          </div> <!-- main-panel-header rounded-window-top -->
          <div class="main-panel-content rounded-window-bottom">
            <pre>
&lt;?xml version=&quot;1.0&quot; encoding=&quot;UTF-8&quot;?&gt;
&lt;!DOCTYPE suite SYSTEM &quot;https://testng.org/testng-1.0.dtd&quot;&gt;
&lt;suite name=&quot;Suite&quot; guice-stage=&quot;DEVELOPMENT&quot; verbose=&quot;0&quot;&gt;
  &lt;test thread-count=&quot;5&quot; name=&quot;Test&quot; verbose=&quot;0&quot;&gt;
    &lt;classes&gt;
      &lt;class name=&quot;com.automation.tests.scripts.SalesforceProjectUserMenuDropDown&quot;/&gt;
      &lt;class name=&quot;com.automation.tests.scripts.SalesforceProjectCreateOpty&quot;/&gt;
      &lt;class name=&quot;com.automation.tests.scripts.SaleforceProjectLeads&quot;/&gt;
      &lt;class name=&quot;com.automation.tests.scripts.SalesforceProjectContacts&quot;/&gt;
      &lt;class name=&quot;com.automation.tests.scripts.SalesforceProjectRandomScenarios&quot;/&gt;
      &lt;class name=&quot;com.automation.tests.scripts.SalesforceProjectLogin&quot;/&gt;
      &lt;class name=&quot;com.automation.tests.scripts.SalesforceProjectCreateAccount&quot;/&gt;
    &lt;/classes&gt;
  &lt;/test&gt; &lt;!-- Test --&gt;
&lt;/suite&gt; &lt;!-- Suite --&gt;
            </pre>
          </div> <!-- main-panel-content rounded-window-bottom -->
        </div> <!-- panel -->
        <div panel-name="testlist-Suite" class="panel">
          <div class="main-panel-header rounded-window-top">
            <span class="header-content">Tests for Suite</span>
          </div> <!-- main-panel-header rounded-window-top -->
          <div class="main-panel-content rounded-window-bottom">
            <ul>
              <li>
                <span class="test-name">Test (7 classes)</span>
              </li>
            </ul>
          </div> <!-- main-panel-content rounded-window-bottom -->
        </div> <!-- panel -->
        <div panel-name="group-Suite" class="panel">
          <div class="main-panel-header rounded-window-top">
            <span class="header-content">Groups for Suite</span>
          </div> <!-- main-panel-header rounded-window-top -->
          <div class="main-panel-content rounded-window-bottom">
          </div> <!-- main-panel-content rounded-window-bottom -->
        </div> <!-- panel -->
        <div panel-name="times-Suite" class="panel">
          <div class="main-panel-header rounded-window-top">
            <span class="header-content">Times for Suite</span>
          </div> <!-- main-panel-header rounded-window-top -->
          <div class="main-panel-content rounded-window-bottom">
            <div class="times-div">
              <script type="text/javascript">
suiteTableInitFunctions.push('tableData_Suite');
function tableData_Suite() {
var data = new google.visualization.DataTable();
data.addColumn('number', 'Number');
data.addColumn('string', 'Method');
data.addColumn('string', 'Class');
data.addColumn('number', 'Time (ms)');
data.addRows(37);
data.setCell(0, 0, 0)
data.setCell(0, 1, 'SalesforceTestCase14')
data.setCell(0, 2, 'com.automation.tests.scripts.SalesforceProjectCreateAccount')
data.setCell(0, 3, 24072);
data.setCell(1, 0, 1)
data.setCell(1, 1, 'SalesforceTestCase11')
data.setCell(1, 2, 'com.automation.tests.scripts.SalesforceProjectCreateAccount')
data.setCell(1, 3, 19289);
data.setCell(2, 0, 2)
data.setCell(2, 1, 'SalesforceTestCase32')
data.setCell(2, 2, 'com.automation.tests.scripts.SalesforceProjectContacts')
data.setCell(2, 3, 19002);
data.setCell(3, 0, 3)
data.setCell(3, 1, 'SalesforceTestCase10')
data.setCell(3, 2, 'com.automation.tests.scripts.SalesforceProjectCreateAccount')
data.setCell(3, 3, 18415);
data.setCell(4, 0, 4)
data.setCell(4, 1, 'SalesforceTestCase30')
data.setCell(4, 2, 'com.automation.tests.scripts.SalesforceProjectContacts')
data.setCell(4, 3, 16432);
data.setCell(5, 0, 5)
data.setCell(5, 1, 'SalesforceTestCase34')
data.setCell(5, 2, 'com.automation.tests.scripts.SalesforceProjectRandomScenarios')
data.setCell(5, 3, 15814);
data.setCell(6, 0, 6)
data.setCell(6, 1, 'SalesforceTestCase33')
data.setCell(6, 2, 'com.automation.tests.scripts.SalesforceProjectRandomScenarios')
data.setCell(6, 3, 15339);
data.setCell(7, 0, 7)
data.setCell(7, 1, 'SalesforceTestCase13')
data.setCell(7, 2, 'com.automation.tests.scripts.SalesforceProjectCreateAccount')
data.setCell(7, 3, 14755);
data.setCell(8, 0, 8)
data.setCell(8, 1, 'SalesforceTestCase29')
data.setCell(8, 2, 'com.automation.tests.scripts.SalesforceProjectContacts')
data.setCell(8, 3, 14503);
data.setCell(9, 0, 9)
data.setCell(9, 1, 'SalesforceTestCase6')
data.setCell(9, 2, 'com.automation.tests.scripts.SalesforceProjectUserMenuDropDown')
data.setCell(9, 3, 14464);
data.setCell(10, 0, 10)
data.setCell(10, 1, 'SalesforceTestCase31')
data.setCell(10, 2, 'com.automation.tests.scripts.SalesforceProjectContacts')
data.setCell(10, 3, 13934);
data.setCell(11, 0, 11)
data.setCell(11, 1, 'SalesforceTestCase27')
data.setCell(11, 2, 'com.automation.tests.scripts.SalesforceProjectContacts')
data.setCell(11, 3, 13926);
data.setCell(12, 0, 12)
data.setCell(12, 1, 'SalesforceTestCase12')
data.setCell(12, 2, 'com.automation.tests.scripts.SalesforceProjectCreateAccount')
data.setCell(12, 3, 13323);
data.setCell(13, 0, 13)
data.setCell(13, 1, 'SalesforceTestCase36')
data.setCell(13, 2, 'com.automation.tests.scripts.SalesforceProjectRandomScenarios')
data.setCell(13, 3, 13225);
data.setCell(14, 0, 14)
data.setCell(14, 1, 'SalesforceTestCase35')
data.setCell(14, 2, 'com.automation.tests.scripts.SalesforceProjectRandomScenarios')
data.setCell(14, 3, 12651);
data.setCell(15, 0, 15)
data.setCell(15, 1, 'SalesforceTestCase18')
data.setCell(15, 2, 'com.automation.tests.scripts.SalesforceProjectCreateOpty')
data.setCell(15, 3, 11734);
data.setCell(16, 0, 16)
data.setCell(16, 1, 'SalesforceTestCase25')
data.setCell(16, 2, 'com.automation.tests.scripts.SalesforceProjectContacts')
data.setCell(16, 3, 11714);
data.setCell(17, 0, 17)
data.setCell(17, 1, 'SalesforceTestCase7')
data.setCell(17, 2, 'com.automation.tests.scripts.SalesforceProjectUserMenuDropDown')
data.setCell(17, 3, 11563);
data.setCell(18, 0, 18)
data.setCell(18, 1, 'SalesforceTestCase23')
data.setCell(18, 2, 'com.automation.tests.scripts.SaleforceProjectLeads')
data.setCell(18, 3, 11433);
data.setCell(19, 0, 19)
data.setCell(19, 1, 'SalesforceTestCase21')
data.setCell(19, 2, 'com.automation.tests.scripts.SaleforceProjectLeads')
data.setCell(19, 3, 10902);
data.setCell(20, 0, 20)
data.setCell(20, 1, 'SalesforceTestCase24')
data.setCell(20, 2, 'com.automation.tests.scripts.SaleforceProjectLeads')
data.setCell(20, 3, 10456);
data.setCell(21, 0, 21)
data.setCell(21, 1, 'SalesforceTestCase20')
data.setCell(21, 2, 'com.automation.tests.scripts.SaleforceProjectLeads')
data.setCell(21, 3, 10242);
data.setCell(22, 0, 22)
data.setCell(22, 1, 'SalesforceTestCase17')
data.setCell(22, 2, 'com.automation.tests.scripts.SalesforceProjectCreateOpty')
data.setCell(22, 3, 9293);
data.setCell(23, 0, 23)
data.setCell(23, 1, 'SalesforceTestCase22')
data.setCell(23, 2, 'com.automation.tests.scripts.SaleforceProjectLeads')
data.setCell(23, 3, 9255);
data.setCell(24, 0, 24)
data.setCell(24, 1, 'SalesforceTestCase16')
data.setCell(24, 2, 'com.automation.tests.scripts.SalesforceProjectCreateOpty')
data.setCell(24, 3, 9210);
data.setCell(25, 0, 25)
data.setCell(25, 1, 'SalesforceTestCase9')
data.setCell(25, 2, 'com.automation.tests.scripts.SalesforceProjectUserMenuDropDown')
data.setCell(25, 3, 8939);
data.setCell(26, 0, 26)
data.setCell(26, 1, 'SalesforceTestCase15')
data.setCell(26, 2, 'com.automation.tests.scripts.SalesforceProjectCreateOpty')
data.setCell(26, 3, 8817);
data.setCell(27, 0, 27)
data.setCell(27, 1, 'SalesforceTestCase2')
data.setCell(27, 2, 'com.automation.tests.scripts.SalesforceProjectLogin')
data.setCell(27, 3, 8453);
data.setCell(28, 0, 28)
data.setCell(28, 1, 'SalesforceTestCase26')
data.setCell(28, 2, 'com.automation.tests.scripts.SalesforceProjectContacts')
data.setCell(28, 3, 8109);
data.setCell(29, 0, 29)
data.setCell(29, 1, 'SalesforceTestCase28')
data.setCell(29, 2, 'com.automation.tests.scripts.SalesforceProjectContacts')
data.setCell(29, 3, 7950);
data.setCell(30, 0, 30)
data.setCell(30, 1, 'SalesforceTestCase19')
data.setCell(30, 2, 'com.automation.tests.scripts.SalesforceProjectCreateOpty')
data.setCell(30, 3, 7883);
data.setCell(31, 0, 31)
data.setCell(31, 1, 'SalesforceTestCase8')
data.setCell(31, 2, 'com.automation.tests.scripts.SalesforceProjectUserMenuDropDown')
data.setCell(31, 3, 7858);
data.setCell(32, 0, 32)
data.setCell(32, 1, 'SalesforceTestCase3')
data.setCell(32, 2, 'com.automation.tests.scripts.SalesforceProjectLogin')
data.setCell(32, 3, 7181);
data.setCell(33, 0, 33)
data.setCell(33, 1, 'SalesforceTestCase1')
data.setCell(33, 2, 'com.automation.tests.scripts.SalesforceProjectLogin')
data.setCell(33, 3, 3138);
data.setCell(34, 0, 34)
data.setCell(34, 1, 'SalesforceTestCase4A')
data.setCell(34, 2, 'com.automation.tests.scripts.SalesforceProjectLogin')
data.setCell(34, 3, 2958);
data.setCell(35, 0, 35)
data.setCell(35, 1, 'SalesforceTestCase4B')
data.setCell(35, 2, 'com.automation.tests.scripts.SalesforceProjectLogin')
data.setCell(35, 3, 2599);
data.setCell(36, 0, 36)
data.setCell(36, 1, 'SalesforceTestCase5')
data.setCell(36, 2, 'com.automation.tests.scripts.SalesforceProjectUserMenuDropDown')
data.setCell(36, 3, 1836);
window.suiteTableData['Suite']= { tableData: data, tableDiv: 'times-div-Suite'}
return data;
}
              </script>
              <span class="suite-total-time">Total running time: 7 minutes</span>
              <div id="times-div-Suite">
              </div> <!-- times-div-Suite -->
            </div> <!-- times-div -->
          </div> <!-- main-panel-content rounded-window-bottom -->
        </div> <!-- panel -->
        <div panel-name="reporter-Suite" class="panel">
          <div class="main-panel-header rounded-window-top">
            <span class="header-content">Reporter output for Suite</span>
          </div> <!-- main-panel-header rounded-window-top -->
          <div class="main-panel-content rounded-window-bottom">
          </div> <!-- main-panel-content rounded-window-bottom -->
        </div> <!-- panel -->
        <div panel-name="ignored-methods-Suite" class="panel">
          <div class="main-panel-header rounded-window-top">
            <span class="header-content">6 ignored methods</span>
          </div> <!-- main-panel-header rounded-window-top -->
          <div class="main-panel-content rounded-window-bottom">
            <div class="ignored-class-div">
              <span class="ignored-class-name">com.automation.tests.scripts.SalesforceProjectCreateAccount</span>
              <div class="ignored-methods-div">
                <span class="ignored-method-name">setupBeforeTest</span>
                <br/>
              </div> <!-- ignored-methods-div -->
            </div> <!-- ignored-class-div -->
            <div class="ignored-class-div">
              <span class="ignored-class-name">com.automation.tests.scripts.SalesforceProjectLogin</span>
              <div class="ignored-methods-div">
                <span class="ignored-method-name">setupBeforeTest</span>
                <br/>
              </div> <!-- ignored-methods-div -->
            </div> <!-- ignored-class-div -->
            <div class="ignored-class-div">
              <span class="ignored-class-name">com.automation.tests.scripts.SalesforceProjectContacts</span>
              <div class="ignored-methods-div">
                <span class="ignored-method-name">setupBeforeTest</span>
                <br/>
              </div> <!-- ignored-methods-div -->
            </div> <!-- ignored-class-div -->
            <div class="ignored-class-div">
              <span class="ignored-class-name">com.automation.tests.scripts.SaleforceProjectLeads</span>
              <div class="ignored-methods-div">
                <span class="ignored-method-name">setupBeforeTest</span>
                <br/>
              </div> <!-- ignored-methods-div -->
            </div> <!-- ignored-class-div -->
            <div class="ignored-class-div">
              <span class="ignored-class-name">com.automation.tests.scripts.SalesforceProjectRandomScenarios</span>
              <div class="ignored-methods-div">
                <span class="ignored-method-name">setupBeforeTest</span>
                <br/>
              </div> <!-- ignored-methods-div -->
            </div> <!-- ignored-class-div -->
            <div class="ignored-class-div">
              <span class="ignored-class-name">com.automation.tests.scripts.SalesforceProjectCreateOpty</span>
              <div class="ignored-methods-div">
                <span class="ignored-method-name">setupBeforeTest</span>
                <br/>
              </div> <!-- ignored-methods-div -->
            </div> <!-- ignored-class-div -->
          </div> <!-- main-panel-content rounded-window-bottom -->
        </div> <!-- panel -->
        <div panel-name="chronological-Suite" class="panel">
          <div class="main-panel-header rounded-window-top">
            <span class="header-content">Methods in chronological order</span>
          </div> <!-- main-panel-header rounded-window-top -->
          <div class="main-panel-content rounded-window-bottom">
            <div class="chronological-class">
              <div class="chronological-class-name">com.automation.tests.scripts.SalesforceProjectUserMenuDropDown</div> <!-- chronological-class-name -->
              <div class="configuration-test before">
                <span class="method-name">setupBeforeTest</span>
                <span class="method-start">0 ms</span>
              </div> <!-- configuration-test before -->
              <div class="configuration-method before">
                <span class="method-name">setupBeforeTestMethod(Chrome)</span>
                <span class="method-start">553 ms</span>
              </div> <!-- configuration-method before -->
              <div class="test-method">
                <img src="failed.png">
                </img>
                <span class="method-name">SalesforceTestCase5</span>
                <span class="method-start">6071 ms</span>
              </div> <!-- test-method -->
              <div class="configuration-method before">
                <span class="method-name">setupBeforeTestMethod(Chrome)</span>
                <span class="method-start">7916 ms</span>
              </div> <!-- configuration-method before -->
              <div class="test-method">
                <img src="failed.png">
                </img>
                <span class="method-name">SalesforceTestCase6</span>
                <span class="method-start">10016 ms</span>
              </div> <!-- test-method -->
              <div class="configuration-method before">
                <span class="method-name">setupBeforeTestMethod(Chrome)</span>
                <span class="method-start">24481 ms</span>
              </div> <!-- configuration-method before -->
              <div class="test-method">
                <img src="failed.png">
                </img>
                <span class="method-name">SalesforceTestCase7</span>
                <span class="method-start">27096 ms</span>
              </div> <!-- test-method -->
              <div class="configuration-method before">
                <span class="method-name">setupBeforeTestMethod(Chrome)</span>
                <span class="method-start">38661 ms</span>
              </div> <!-- configuration-method before -->
              <div class="test-method">
                <span class="method-name">SalesforceTestCase8</span>
                <span class="method-start">42154 ms</span>
              </div> <!-- test-method -->
              <div class="configuration-method before">
                <span class="method-name">setupBeforeTestMethod(Chrome)</span>
                <span class="method-start">50013 ms</span>
              </div> <!-- configuration-method before -->
              <div class="test-method">
                <span class="method-name">SalesforceTestCase9</span>
                <span class="method-start">52342 ms</span>
              </div> <!-- test-method -->
            </div> <!-- chronological-class -->
            <div class="chronological-class">
              <div class="chronological-class-name">com.automation.tests.scripts.SalesforceProjectCreateOpty</div> <!-- chronological-class-name -->
              <div class="configuration-method before">
                <span class="method-name">setupBeforeTestMethod(Chrome)</span>
                <span class="method-start">61287 ms</span>
              </div> <!-- configuration-method before -->
              <div class="test-method">
                <img src="failed.png">
                </img>
                <span class="method-name">SalesforceTestCase15</span>
                <span class="method-start">63796 ms</span>
              </div> <!-- test-method -->
              <div class="configuration-method before">
                <span class="method-name">setupBeforeTestMethod(Chrome)</span>
                <span class="method-start">72615 ms</span>
              </div> <!-- configuration-method before -->
              <div class="test-method">
                <span class="method-name">SalesforceTestCase16</span>
                <span class="method-start">75892 ms</span>
              </div> <!-- test-method -->
              <div class="configuration-method before">
                <span class="method-name">setupBeforeTestMethod(Chrome)</span>
                <span class="method-start">85103 ms</span>
              </div> <!-- configuration-method before -->
              <div class="test-method">
                <span class="method-name">SalesforceTestCase17</span>
                <span class="method-start">89061 ms</span>
              </div> <!-- test-method -->
              <div class="configuration-method before">
                <span class="method-name">setupBeforeTestMethod(Chrome)</span>
                <span class="method-start">98354 ms</span>
              </div> <!-- configuration-method before -->
              <div class="test-method">
                <span class="method-name">SalesforceTestCase18</span>
                <span class="method-start">101469 ms</span>
              </div> <!-- test-method -->
              <div class="configuration-method before">
                <span class="method-name">setupBeforeTestMethod(Chrome)</span>
                <span class="method-start">113204 ms</span>
              </div> <!-- configuration-method before -->
              <div class="test-method">
                <span class="method-name">SalesforceTestCase19</span>
                <span class="method-start">117006 ms</span>
              </div> <!-- test-method -->
            </div> <!-- chronological-class -->
            <div class="chronological-class">
              <div class="chronological-class-name">com.automation.tests.scripts.SaleforceProjectLeads</div> <!-- chronological-class-name -->
              <div class="configuration-method before">
                <span class="method-name">setupBeforeTestMethod(Chrome)</span>
                <span class="method-start">124892 ms</span>
              </div> <!-- configuration-method before -->
              <div class="test-method">
                <span class="method-name">SalesforceTestCase20</span>
                <span class="method-start">128723 ms</span>
              </div> <!-- test-method -->
              <div class="configuration-method before">
                <span class="method-name">setupBeforeTestMethod(Chrome)</span>
                <span class="method-start">138966 ms</span>
              </div> <!-- configuration-method before -->
              <div class="test-method">
                <img src="failed.png">
                </img>
                <span class="method-name">SalesforceTestCase21</span>
                <span class="method-start">144645 ms</span>
              </div> <!-- test-method -->
              <div class="configuration-method before">
                <span class="method-name">setupBeforeTestMethod(Chrome)</span>
                <span class="method-start">155548 ms</span>
              </div> <!-- configuration-method before -->
              <div class="test-method">
                <img src="failed.png">
                </img>
                <span class="method-name">SalesforceTestCase22</span>
                <span class="method-start">160027 ms</span>
              </div> <!-- test-method -->
              <div class="configuration-method before">
                <span class="method-name">setupBeforeTestMethod(Chrome)</span>
                <span class="method-start">169284 ms</span>
              </div> <!-- configuration-method before -->
              <div class="test-method">
                <img src="failed.png">
                </img>
                <span class="method-name">SalesforceTestCase23</span>
                <span class="method-start">173537 ms</span>
              </div> <!-- test-method -->
              <div class="configuration-method before">
                <span class="method-name">setupBeforeTestMethod(Chrome)</span>
                <span class="method-start">184971 ms</span>
              </div> <!-- configuration-method before -->
              <div class="test-method">
                <img src="failed.png">
                </img>
                <span class="method-name">SalesforceTestCase24</span>
                <span class="method-start">190234 ms</span>
              </div> <!-- test-method -->
            </div> <!-- chronological-class -->
            <div class="chronological-class">
              <div class="chronological-class-name">com.automation.tests.scripts.SalesforceProjectContacts</div> <!-- chronological-class-name -->
              <div class="configuration-method before">
                <span class="method-name">setupBeforeTestMethod(Chrome)</span>
                <span class="method-start">200703 ms</span>
              </div> <!-- configuration-method before -->
              <div class="test-method">
                <span class="method-name">SalesforceTestCase25</span>
                <span class="method-start">207164 ms</span>
              </div> <!-- test-method -->
              <div class="configuration-method before">
                <span class="method-name">setupBeforeTestMethod(Chrome)</span>
                <span class="method-start">218884 ms</span>
              </div> <!-- configuration-method before -->
              <div class="test-method">
                <span class="method-name">SalesforceTestCase26</span>
                <span class="method-start">222921 ms</span>
              </div> <!-- test-method -->
              <div class="configuration-method before">
                <span class="method-name">setupBeforeTestMethod(Chrome)</span>
                <span class="method-start">231031 ms</span>
              </div> <!-- configuration-method before -->
              <div class="test-method">
                <span class="method-name">SalesforceTestCase27</span>
                <span class="method-start">235131 ms</span>
              </div> <!-- test-method -->
              <div class="configuration-method before">
                <span class="method-name">setupBeforeTestMethod(Chrome)</span>
                <span class="method-start">249058 ms</span>
              </div> <!-- configuration-method before -->
              <div class="test-method">
                <span class="method-name">SalesforceTestCase28</span>
                <span class="method-start">255542 ms</span>
              </div> <!-- test-method -->
              <div class="configuration-method before">
                <span class="method-name">setupBeforeTestMethod(Chrome)</span>
                <span class="method-start">263492 ms</span>
              </div> <!-- configuration-method before -->
              <div class="test-method">
                <span class="method-name">SalesforceTestCase29</span>
                <span class="method-start">269043 ms</span>
              </div> <!-- test-method -->
              <div class="configuration-method before">
                <span class="method-name">setupBeforeTestMethod(Chrome)</span>
                <span class="method-start">283547 ms</span>
              </div> <!-- configuration-method before -->
              <div class="test-method">
                <span class="method-name">SalesforceTestCase30</span>
                <span class="method-start">288733 ms</span>
              </div> <!-- test-method -->
              <div class="configuration-method before">
                <span class="method-name">setupBeforeTestMethod(Chrome)</span>
                <span class="method-start">305165 ms</span>
              </div> <!-- configuration-method before -->
              <div class="test-method">
                <span class="method-name">SalesforceTestCase31</span>
                <span class="method-start">309684 ms</span>
              </div> <!-- test-method -->
              <div class="configuration-method before">
                <span class="method-name">setupBeforeTestMethod(Chrome)</span>
                <span class="method-start">323621 ms</span>
              </div> <!-- configuration-method before -->
              <div class="test-method">
                <span class="method-name">SalesforceTestCase32</span>
                <span class="method-start">328684 ms</span>
              </div> <!-- test-method -->
            </div> <!-- chronological-class -->
            <div class="chronological-class">
              <div class="chronological-class-name">com.automation.tests.scripts.SalesforceProjectRandomScenarios</div> <!-- chronological-class-name -->
              <div class="configuration-method before">
                <span class="method-name">setupBeforeTestMethod(Chrome)</span>
                <span class="method-start">347695 ms</span>
              </div> <!-- configuration-method before -->
              <div class="test-method">
                <span class="method-name">SalesforceTestCase33</span>
                <span class="method-start">351630 ms</span>
              </div> <!-- test-method -->
              <div class="configuration-method before">
                <span class="method-name">setupBeforeTestMethod(Chrome)</span>
                <span class="method-start">366971 ms</span>
              </div> <!-- configuration-method before -->
              <div class="test-method">
                <span class="method-name">SalesforceTestCase34</span>
                <span class="method-start">372518 ms</span>
              </div> <!-- test-method -->
              <div class="configuration-method before">
                <span class="method-name">setupBeforeTestMethod(Chrome)</span>
                <span class="method-start">388336 ms</span>
              </div> <!-- configuration-method before -->
              <div class="test-method">
                <img src="failed.png">
                </img>
                <span class="method-name">SalesforceTestCase35</span>
                <span class="method-start">393019 ms</span>
              </div> <!-- test-method -->
              <div class="configuration-method before">
                <span class="method-name">setupBeforeTestMethod(Chrome)</span>
                <span class="method-start">405885 ms</span>
              </div> <!-- configuration-method before -->
              <div class="test-method">
                <img src="failed.png">
                </img>
                <span class="method-name">SalesforceTestCase36</span>
                <span class="method-start">409814 ms</span>
              </div> <!-- test-method -->
            </div> <!-- chronological-class -->
            <div class="chronological-class">
              <div class="chronological-class-name">com.automation.tests.scripts.SalesforceProjectLogin</div> <!-- chronological-class-name -->
              <div class="configuration-method before">
                <span class="method-name">setupBeforeTestMethod(Chrome)</span>
                <span class="method-start">423073 ms</span>
              </div> <!-- configuration-method before -->
              <div class="test-method">
                <span class="method-name">SalesforceTestCase1</span>
                <span class="method-start">429473 ms</span>
              </div> <!-- test-method -->
              <div class="configuration-method before">
                <span class="method-name">setupBeforeTestMethod(Chrome)</span>
                <span class="method-start">432616 ms</span>
              </div> <!-- configuration-method before -->
              <div class="test-method">
                <img src="failed.png">
                </img>
                <span class="method-name">SalesforceTestCase2</span>
                <span class="method-start">438556 ms</span>
              </div> <!-- test-method -->
              <div class="configuration-method before">
                <span class="method-name">setupBeforeTestMethod(Chrome)</span>
                <span class="method-start">447015 ms</span>
              </div> <!-- configuration-method before -->
              <div class="test-method">
                <img src="failed.png">
                </img>
                <span class="method-name">SalesforceTestCase3</span>
                <span class="method-start">452435 ms</span>
              </div> <!-- test-method -->
              <div class="configuration-method before">
                <span class="method-name">setupBeforeTestMethod(Chrome)</span>
                <span class="method-start">459622 ms</span>
              </div> <!-- configuration-method before -->
              <div class="test-method">
                <span class="method-name">SalesforceTestCase4A</span>
                <span class="method-start">469683 ms</span>
              </div> <!-- test-method -->
              <div class="configuration-method before">
                <span class="method-name">setupBeforeTestMethod(Chrome)</span>
                <span class="method-start">472641 ms</span>
              </div> <!-- configuration-method before -->
              <div class="test-method">
                <span class="method-name">SalesforceTestCase4B</span>
                <span class="method-start">479029 ms</span>
              </div> <!-- test-method -->
            </div> <!-- chronological-class -->
            <div class="chronological-class">
              <div class="chronological-class-name">com.automation.tests.scripts.SalesforceProjectCreateAccount</div> <!-- chronological-class-name -->
              <div class="configuration-method before">
                <span class="method-name">setupBeforeTestMethod(Chrome)</span>
                <span class="method-start">481634 ms</span>
              </div> <!-- configuration-method before -->
              <div class="test-method">
                <span class="method-name">SalesforceTestCase10</span>
                <span class="method-start">487071 ms</span>
              </div> <!-- test-method -->
              <div class="configuration-method before">
                <span class="method-name">setupBeforeTestMethod(Chrome)</span>
                <span class="method-start">505489 ms</span>
              </div> <!-- configuration-method before -->
              <div class="test-method">
                <span class="method-name">SalesforceTestCase11</span>
                <span class="method-start">513365 ms</span>
              </div> <!-- test-method -->
              <div class="configuration-method before">
                <span class="method-name">setupBeforeTestMethod(Chrome)</span>
                <span class="method-start">532656 ms</span>
              </div> <!-- configuration-method before -->
              <div class="test-method">
                <span class="method-name">SalesforceTestCase12</span>
                <span class="method-start">539206 ms</span>
              </div> <!-- test-method -->
              <div class="configuration-method before">
                <span class="method-name">setupBeforeTestMethod(Chrome)</span>
                <span class="method-start">552532 ms</span>
              </div> <!-- configuration-method before -->
              <div class="test-method">
                <img src="failed.png">
                </img>
                <span class="method-name">SalesforceTestCase13</span>
                <span class="method-start">559813 ms</span>
              </div> <!-- test-method -->
              <div class="configuration-method before">
                <span class="method-name">setupBeforeTestMethod(Chrome)</span>
                <span class="method-start">574587 ms</span>
              </div> <!-- configuration-method before -->
              <div class="test-method">
                <img src="failed.png">
                </img>
                <span class="method-name">SalesforceTestCase14</span>
                <span class="method-start">578229 ms</span>
              </div> <!-- test-method -->
          </div> <!-- main-panel-content rounded-window-bottom -->
        </div> <!-- panel -->
      </div> <!-- main-panel-root -->
    </div> <!-- wrapper -->
  </body>
<script type="text/javascript" src="testng-reports2.js"></script>
</html>
